2017-08-07 16:38:13.351  INFO 29349 --- [main] bsa.BSAController                        : Starting BSAController on hdillon-Inspiron-14-3467 with PID 29349 (/home/hdillon/Desarrollo/springboot-BSA/out/production/classes started by hdillon in /home/hdillon/Desarrollo/springboot-BSA)
2017-08-07 16:38:13.354  INFO 29349 --- [main] bsa.BSAController                        : No active profile set, falling back to default profiles: default
2017-08-07 16:38:13.448  INFO 29349 --- [main] ationConfigEmbeddedWebApplicationContext : Refreshing org.springframework.boot.context.embedded.AnnotationConfigEmbeddedWebApplicationContext@4461c7e3: startup date [Mon Aug 07 16:38:13 ART 2017]; root of context hierarchy
2017-08-07 16:38:16.819  INFO 29349 --- [main] s.b.c.e.t.TomcatEmbeddedServletContainer : Tomcat initialized with port(s): 9999 (http)
2017-08-07 16:38:16.829  INFO 29349 --- [main] o.apache.catalina.core.StandardService   : Starting service [Tomcat]
2017-08-07 16:38:16.830  INFO 29349 --- [main] org.apache.catalina.core.StandardEngine  : Starting Servlet Engine: Apache Tomcat/8.5.16
2017-08-07 16:38:16.896  INFO 29349 --- [localhost-startStop-1] o.a.c.c.C.[Tomcat].[localhost].[/]       : Initializing Spring embedded WebApplicationContext
2017-08-07 16:38:16.897  INFO 29349 --- [localhost-startStop-1] o.s.web.context.ContextLoader            : Root WebApplicationContext: initialization completed in 3464 ms
2017-08-07 16:38:16.998  INFO 29349 --- [localhost-startStop-1] o.s.b.w.servlet.ServletRegistrationBean  : Mapping servlet: 'dispatcherServlet' to [/]
2017-08-07 16:38:17.001  INFO 29349 --- [localhost-startStop-1] o.s.b.w.servlet.FilterRegistrationBean   : Mapping filter: 'characterEncodingFilter' to: [/*]
2017-08-07 16:38:17.004  INFO 29349 --- [localhost-startStop-1] o.s.b.w.servlet.FilterRegistrationBean   : Mapping filter: 'hiddenHttpMethodFilter' to: [/*]
2017-08-07 16:38:17.005  INFO 29349 --- [localhost-startStop-1] o.s.b.w.servlet.FilterRegistrationBean   : Mapping filter: 'httpPutFormContentFilter' to: [/*]
2017-08-07 16:38:17.005  INFO 29349 --- [localhost-startStop-1] o.s.b.w.servlet.FilterRegistrationBean   : Mapping filter: 'requestContextFilter' to: [/*]
2017-08-07 16:38:17.316  INFO 29349 --- [main] s.w.s.m.m.a.RequestMappingHandlerAdapter : Looking for @ControllerAdvice: org.springframework.boot.context.embedded.AnnotationConfigEmbeddedWebApplicationContext@4461c7e3: startup date [Mon Aug 07 16:38:13 ART 2017]; root of context hierarchy
2017-08-07 16:38:17.357  INFO 29349 --- [main] s.w.s.m.m.a.RequestMappingHandlerMapping : Mapped "{[/tokenizador],methods=[POST]}" onto public bsa.CardDataResponse bsa.BSAController.tokenizador(bsa.RequestData)
2017-08-07 16:38:17.361  INFO 29349 --- [main] s.w.s.m.m.a.RequestMappingHandlerMapping : Mapped "{[/error],produces=[text/html]}" onto public org.springframework.web.servlet.ModelAndView org.springframework.boot.autoconfigure.web.BasicErrorController.errorHtml(javax.servlet.http.HttpServletRequest,javax.servlet.http.HttpServletResponse)
2017-08-07 16:38:17.362  INFO 29349 --- [main] s.w.s.m.m.a.RequestMappingHandlerMapping : Mapped "{[/error]}" onto public org.springframework.http.ResponseEntity<java.util.Map<java.lang.String, java.lang.Object>> org.springframework.boot.autoconfigure.web.BasicErrorController.error(javax.servlet.http.HttpServletRequest)
2017-08-07 16:38:17.388  INFO 29349 --- [main] o.s.w.s.handler.SimpleUrlHandlerMapping  : Mapped URL path [/webjars/**] onto handler of type [class org.springframework.web.servlet.resource.ResourceHttpRequestHandler]
2017-08-07 16:38:17.388  INFO 29349 --- [main] o.s.w.s.handler.SimpleUrlHandlerMapping  : Mapped URL path [/**] onto handler of type [class org.springframework.web.servlet.resource.ResourceHttpRequestHandler]
2017-08-07 16:38:17.417  INFO 29349 --- [main] o.s.w.s.handler.SimpleUrlHandlerMapping  : Mapped URL path [/**/favicon.ico] onto handler of type [class org.springframework.web.servlet.resource.ResourceHttpRequestHandler]
2017-08-07 16:38:17.618  INFO 29349 --- [main] o.s.j.e.a.AnnotationMBeanExporter        : Registering beans for JMX exposure on startup
2017-08-07 16:38:17.664  INFO 29349 --- [main] s.b.c.e.t.TomcatEmbeddedServletContainer : Tomcat started on port(s): 9999 (http)
2017-08-07 16:38:17.673  INFO 29349 --- [main] bsa.BSAController                        : Started BSAController in 4.8 seconds (JVM running for 5.733)
2017-08-07 16:38:30.943  INFO 29349 --- [http-nio-9999-exec-1] o.a.c.c.C.[Tomcat].[localhost].[/]       : Initializing Spring FrameworkServlet 'dispatcherServlet'
2017-08-07 16:38:30.944  INFO 29349 --- [http-nio-9999-exec-1] o.s.web.servlet.DispatcherServlet        : FrameworkServlet 'dispatcherServlet': initialization started
2017-08-07 16:38:30.959  INFO 29349 --- [http-nio-9999-exec-1] o.s.web.servlet.DispatcherServlet        : FrameworkServlet 'dispatcherServlet': initialization completed in 15 ms
2017-08-07 16:38:31.081  INFO 29349 --- [http-nio-9999-exec-1] bsa.BSAController                        : Mensaje Enviado (BOVEDA PLANA): {"volatile_data":{"flag_codigo_seguridad":"1","public_request_key":"12345678","flag_tokenizacion":"0"},"volatile_encrypted_data":"hMGIWQUFBQU3NpU0fwlf0w1S8GWJOsoo/zuW8ViSq7Nwc4TwmMY786SACpEVxWsv4zX+l2o1+ga+cCAGPQ==","public_token":"4507995210634905","additional_data":{},"issue_date":"20170807","validation_data":{"flag_selector_clave":"1","public_request_key":"12345678"},"type":"sale"}
2017-08-07 16:38:31.121  INFO 29349 --- [http-nio-9999-exec-1] bsa.BSAController                        : Mensaje Recibido: {"msg":"db problem","error":"009000"}
2017-08-07 16:38:31.123  INFO 29349 --- [http-nio-9999-exec-1] bsa.BSAController                        : Boot response: CardDataPlainResponse [PAN=null, SECURITY_CODE=null, CARD_EXPIRATION=null, ERROR_TYPE=, VALIDATION_ERRORS=[null]]
2017-08-07 16:38:47.513  INFO 29349 --- [http-nio-9999-exec-2] bsa.BSAController                        : Mensaje Enviado (BOVEDA PLANA): {"volatile_data":{"flag_codigo_seguridad":"1","public_request_key":"12345678","flag_tokenizacion":"0"},"volatile_encrypted_data":"hMGIWQUFBQU3NpU0fwlf0w1S8GWJOsoo/zuW8ViSq7Nwc4TwmMY786SACpEVxWsv4zX+l2o1+ga+cCAGPQ==","public_token":"4507995210634905","additional_data":{},"issue_date":"20170807","validation_data":{"flag_selector_clave":"1","public_request_key":"12345678"},"type":"sale"}
2017-08-07 16:38:47.548  INFO 29349 --- [http-nio-9999-exec-2] bsa.BSAController                        : Mensaje Recibido: {"msg":"db problem","error":"009000"}
2017-08-07 16:38:47.548  INFO 29349 --- [http-nio-9999-exec-2] bsa.BSAController                        : Boot response: CardDataPlainResponse [PAN=null, SECURITY_CODE=null, CARD_EXPIRATION=null, ERROR_TYPE=, VALIDATION_ERRORS=[null]]
2017-08-07 16:38:48.550  INFO 29349 --- [http-nio-9999-exec-3] bsa.BSAController                        : Mensaje Enviado (BOVEDA PLANA): {"volatile_data":{"flag_codigo_seguridad":"1","public_request_key":"12345678","flag_tokenizacion":"0"},"volatile_encrypted_data":"hMGIWQUFBQU3NpU0fwlf0w1S8GWJOsoo/zuW8ViSq7Nwc4TwmMY786SACpEVxWsv4zX+l2o1+ga+cCAGPQ==","public_token":"4507995210634905","additional_data":{},"issue_date":"20170807","validation_data":{"flag_selector_clave":"1","public_request_key":"12345678"},"type":"sale"}
2017-08-07 16:38:48.643  INFO 29349 --- [http-nio-9999-exec-3] bsa.BSAController                        : Mensaje Recibido: {"volatile_decrypted_data":"{\"fecha_vencimiento\":\"1808\",\"codigo_seguridad\":\"775\"}","volatile_encrypted_data":"{\"fecha_vencimiento\":\"1808\",\"codigo_seguridad\":\"775\"}","additional_data":{},"data":"000000","footer":"4905","header":"450799"}
2017-08-07 16:38:48.644  INFO 29349 --- [http-nio-9999-exec-3] bsa.BSAController                        : Boot response: CardDataPlainResponse [PAN=4507990000004905, SECURITY_CODE=775, CARD_EXPIRATION=1808, ERROR_TYPE=null, VALIDATION_ERRORS=[]]
2017-08-07 16:40:18.560  INFO 29349 --- [http-nio-9999-exec-5] bsa.BSAController                        : Mensaje Enviado (BOVEDA PLANA): {"volatile_data":{"flag_codigo_seguridad":"1","public_request_key":"12345678","flag_tokenizacion":"0"},"volatile_encrypted_data":"78GIWfPz8/MdweJN9mph5QHPMBEz8DzcY2pZgnpx6/S14GT8/MQqsGd1nj4068NRrVigrFJnsBV2pp+2Yw==","public_token":"4507992946164905","additional_data":{},"issue_date":"20170807","validation_data":{"flag_selector_clave":"1","public_request_key":"12345678"},"type":"sale"}
2017-08-07 16:40:18.644  INFO 29349 --- [http-nio-9999-exec-5] bsa.BSAController                        : Mensaje Recibido: {"volatile_decrypted_data":"{\"fecha_vencimiento\":\"1808\",\"codigo_seguridad\":\"775\"}","volatile_encrypted_data":"{\"fecha_vencimiento\":\"1808\",\"codigo_seguridad\":\"775\"}","additional_data":{},"data":"000000","footer":"4905","header":"450799"}
2017-08-07 16:40:18.645  INFO 29349 --- [http-nio-9999-exec-5] bsa.BSAController                        : Boot response: CardDataPlainResponse [PAN=4507990000004905, SECURITY_CODE=775, CARD_EXPIRATION=1808, ERROR_TYPE=null, VALIDATION_ERRORS=[]]
2017-08-07 16:45:21.456  INFO 29349 --- [http-nio-9999-exec-8] bsa.BSAController                        : Mensaje Enviado (BOVEDA PLANA): {"volatile_data":{"flag_codigo_seguridad":"1","public_request_key":"12345678","flag_tokenizacion":"0"},"volatile_encrypted_data":"DMOIWYCAgID0M7sBEfTNoT8JSqzL56edJskPL3b0NWt/JYZ+F7kViWqYb1fnxSgDNUOWoH83bCL9X9Gq+A==","public_token":"4507996818814905","additional_data":{},"issue_date":"20170807","validation_data":{"flag_selector_clave":"1","public_request_key":"12345678"},"type":"sale"}
2017-08-07 16:45:21.533  INFO 29349 --- [http-nio-9999-exec-8] bsa.BSAController                        : Mensaje Recibido: {"volatile_decrypted_data":"{\"fecha_vencimiento\":\"1808\",\"codigo_seguridad\":\"775\"}","volatile_encrypted_data":"{\"fecha_vencimiento\":\"1808\",\"codigo_seguridad\":\"775\"}","additional_data":{},"data":"000000","footer":"4905","header":"450799"}
2017-08-07 16:45:21.533  INFO 29349 --- [http-nio-9999-exec-8] bsa.BSAController                        : Boot response: CardDataPlainResponse [PAN=4507990000004905, SECURITY_CODE=775, CARD_EXPIRATION=1808, ERROR_TYPE=null, VALIDATION_ERRORS=[]]
2017-08-07 16:48:53.815  INFO 29349 --- [http-nio-9999-exec-9] bsa.BSAController                        : Mensaje Enviado (BOVEDA PLANA): {"volatile_data":{"flag_codigo_seguridad":"1","public_request_key":"12345678","flag_tokenizacion":"0"},"volatile_encrypted_data":"78OIWcfHx8c8uN5l5VXWy8L6oGGeDbU12+VAVVMeoHncOidWtLu6dfGhSZB8zxpXUSToSEVqd1oGPKAONQ==","public_token":"4507995551077787","additional_data":{},"issue_date":"20170807","validation_data":{"flag_selector_clave":"1","public_request_key":"12345678"},"type":"sale"}
2017-08-07 16:48:53.849  INFO 29349 --- [http-nio-9999-exec-9] bsa.BSAController                        : Mensaje Recibido: {"volatile_decrypted_data":"{\"fecha_vencimiento\":\"1905\",\"codigo_seguridad\":\"648\"}","volatile_encrypted_data":"{\"fecha_vencimiento\":\"1905\",\"codigo_seguridad\":\"648\"}","additional_data":{},"data":"000097","footer":"7787","header":"450799"}
2017-08-07 16:48:53.849  INFO 29349 --- [http-nio-9999-exec-9] bsa.BSAController                        : Boot response: CardDataPlainResponse [PAN=4507990000977787, SECURITY_CODE=648, CARD_EXPIRATION=1905, ERROR_TYPE=null, VALIDATION_ERRORS=[]]
2017-08-07 16:49:10.810  INFO 29349 --- [http-nio-9999-exec-10] bsa.BSAController                        : Mensaje Enviado (BOVEDA PLANA): {"volatile_data":{"flag_codigo_seguridad":"1","public_request_key":"12345678","flag_tokenizacion":"0"},"volatile_encrypted_data":"A8SIWXt7e3u7KVVMm94gYkGZoZGxIKDqhTaW/+ct9hnmU4EB7lFLA/RyMpFMW/e+/MVO3rBVFguCRm2JYw==","public_token":"4507999194167787","additional_data":{},"issue_date":"20170807","validation_data":{"flag_selector_clave":"1","public_request_key":"12345678"},"type":"sale"}
2017-08-07 16:49:10.852  INFO 29349 --- [http-nio-9999-exec-10] bsa.BSAController                        : Mensaje Recibido: {"volatile_decrypted_data":"{\"fecha_vencimiento\":\"1905\",\"codigo_seguridad\":\"648\"}","volatile_encrypted_data":"{\"fecha_vencimiento\":\"1905\",\"codigo_seguridad\":\"648\"}","additional_data":{},"data":"000097","footer":"7787","header":"450799"}
2017-08-07 16:49:10.852  INFO 29349 --- [http-nio-9999-exec-10] bsa.BSAController                        : Boot response: CardDataPlainResponse [PAN=4507990000977787, SECURITY_CODE=648, CARD_EXPIRATION=1905, ERROR_TYPE=null, VALIDATION_ERRORS=[]]
2017-08-09 09:51:32.068  INFO 29349 --- [Thread-12] ationConfigEmbeddedWebApplicationContext : Closing org.springframework.boot.context.embedded.AnnotationConfigEmbeddedWebApplicationContext@4461c7e3: startup date [Mon Aug 07 16:38:13 ART 2017]; root of context hierarchy
2017-08-09 09:51:32.303  INFO 29349 --- [Thread-12] o.s.j.e.a.AnnotationMBeanExporter        : Unregistering JMX-exposed beans on shutdown
2017-08-09 09:55:27.921  INFO 9021 --- [main] bsa.BSAController                        : Starting BSAController on hdillon-Inspiron-14-3467 with PID 9021 (/home/hdillon/Desarrollo/springboot-BSA/out/production/classes started by hdillon in /home/hdillon/Desarrollo/springboot-BSA)
2017-08-09 09:55:27.929  INFO 9021 --- [main] bsa.BSAController                        : No active profile set, falling back to default profiles: default
2017-08-09 09:55:28.070  INFO 9021 --- [main] ationConfigEmbeddedWebApplicationContext : Refreshing org.springframework.boot.context.embedded.AnnotationConfigEmbeddedWebApplicationContext@58134517: startup date [Wed Aug 09 09:55:28 ART 2017]; root of context hierarchy
2017-08-09 09:55:30.217  INFO 9021 --- [main] s.b.c.e.t.TomcatEmbeddedServletContainer : Tomcat initialized with port(s): 9999 (http)
2017-08-09 09:55:30.230  INFO 9021 --- [main] o.apache.catalina.core.StandardService   : Starting service [Tomcat]
2017-08-09 09:55:30.231  INFO 9021 --- [main] org.apache.catalina.core.StandardEngine  : Starting Servlet Engine: Apache Tomcat/8.5.16
2017-08-09 09:55:30.312  INFO 9021 --- [localhost-startStop-1] o.a.c.c.C.[Tomcat].[localhost].[/]       : Initializing Spring embedded WebApplicationContext
2017-08-09 09:55:30.313  INFO 9021 --- [localhost-startStop-1] o.s.web.context.ContextLoader            : Root WebApplicationContext: initialization completed in 2253 ms
2017-08-09 09:55:30.417  INFO 9021 --- [localhost-startStop-1] o.s.b.w.servlet.ServletRegistrationBean  : Mapping servlet: 'dispatcherServlet' to [/]
2017-08-09 09:55:30.421  INFO 9021 --- [localhost-startStop-1] o.s.b.w.servlet.FilterRegistrationBean   : Mapping filter: 'characterEncodingFilter' to: [/*]
2017-08-09 09:55:30.422  INFO 9021 --- [localhost-startStop-1] o.s.b.w.servlet.FilterRegistrationBean   : Mapping filter: 'hiddenHttpMethodFilter' to: [/*]
2017-08-09 09:55:30.422  INFO 9021 --- [localhost-startStop-1] o.s.b.w.servlet.FilterRegistrationBean   : Mapping filter: 'httpPutFormContentFilter' to: [/*]
2017-08-09 09:55:30.423  INFO 9021 --- [localhost-startStop-1] o.s.b.w.servlet.FilterRegistrationBean   : Mapping filter: 'requestContextFilter' to: [/*]
2017-08-09 09:55:30.731  INFO 9021 --- [main] s.w.s.m.m.a.RequestMappingHandlerAdapter : Looking for @ControllerAdvice: org.springframework.boot.context.embedded.AnnotationConfigEmbeddedWebApplicationContext@58134517: startup date [Wed Aug 09 09:55:28 ART 2017]; root of context hierarchy
2017-08-09 09:55:30.781  INFO 9021 --- [main] s.w.s.m.m.a.RequestMappingHandlerMapping : Mapped "{[/tokenizador],methods=[POST]}" onto public bsa.CardDataResponse bsa.BSAController.tokenizador(bsa.RequestData)
2017-08-09 09:55:30.787  INFO 9021 --- [main] s.w.s.m.m.a.RequestMappingHandlerMapping : Mapped "{[/error],produces=[text/html]}" onto public org.springframework.web.servlet.ModelAndView org.springframework.boot.autoconfigure.web.BasicErrorController.errorHtml(javax.servlet.http.HttpServletRequest,javax.servlet.http.HttpServletResponse)
2017-08-09 09:55:30.790  INFO 9021 --- [main] s.w.s.m.m.a.RequestMappingHandlerMapping : Mapped "{[/error]}" onto public org.springframework.http.ResponseEntity<java.util.Map<java.lang.String, java.lang.Object>> org.springframework.boot.autoconfigure.web.BasicErrorController.error(javax.servlet.http.HttpServletRequest)
2017-08-09 09:55:30.817  INFO 9021 --- [main] o.s.w.s.handler.SimpleUrlHandlerMapping  : Mapped URL path [/webjars/**] onto handler of type [class org.springframework.web.servlet.resource.ResourceHttpRequestHandler]
2017-08-09 09:55:30.818  INFO 9021 --- [main] o.s.w.s.handler.SimpleUrlHandlerMapping  : Mapped URL path [/**] onto handler of type [class org.springframework.web.servlet.resource.ResourceHttpRequestHandler]
2017-08-09 09:55:30.848  INFO 9021 --- [main] o.s.w.s.handler.SimpleUrlHandlerMapping  : Mapped URL path [/**/favicon.ico] onto handler of type [class org.springframework.web.servlet.resource.ResourceHttpRequestHandler]
2017-08-09 09:55:30.937  INFO 9021 --- [main] o.s.j.e.a.AnnotationMBeanExporter        : Registering beans for JMX exposure on startup
2017-08-09 09:55:30.969  INFO 9021 --- [main] s.b.c.e.t.TomcatEmbeddedServletContainer : Tomcat started on port(s): 9999 (http)
2017-08-09 09:55:30.973  INFO 9021 --- [main] bsa.BSAController                        : Started BSAController in 3.58 seconds (JVM running for 4.703)
2017-08-09 09:58:47.175  INFO 9021 --- [http-nio-9999-exec-1] o.a.c.c.C.[Tomcat].[localhost].[/]       : Initializing Spring FrameworkServlet 'dispatcherServlet'
2017-08-09 09:58:47.176  INFO 9021 --- [http-nio-9999-exec-1] o.s.web.servlet.DispatcherServlet        : FrameworkServlet 'dispatcherServlet': initialization started
2017-08-09 09:58:47.223  INFO 9021 --- [http-nio-9999-exec-1] o.s.web.servlet.DispatcherServlet        : FrameworkServlet 'dispatcherServlet': initialization completed in 47 ms
2017-08-09 09:58:47.470  INFO 9021 --- [http-nio-9999-exec-1] bsa.BSAController                        : Mensaje Enviado (BOVEDA PLANA): {"volatile_data":{"flag_codigo_seguridad":"1","public_request_key":"12345678","flag_tokenizacion":"0"},"volatile_encrypted_data":"fAaLWRISEhLj0H6YqfjXGh7mEfH0camdBuQHDI7dlS0+P3rSO3ljeLPFK4ReLXl53xn8QLkTU5YwzWmWDg==","public_token":"4507991627414905","additional_data":{},"issue_date":"20170809","validation_data":{"flag_selector_clave":"1","public_request_key":"12345678"},"type":"sale"}
2017-08-09 09:58:47.522  INFO 9021 --- [http-nio-9999-exec-1] bsa.BSAController                        : Mensaje Recibido: {"msg":"db problem","error":"009000"}
2017-08-09 09:58:47.527  INFO 9021 --- [http-nio-9999-exec-1] bsa.BSAController                        : Boot response: CardDataPlainResponse [PAN=null, SECURITY_CODE=null, CARD_EXPIRATION=null, ERROR_TYPE=, VALIDATION_ERRORS=[null]]
2017-08-09 10:00:59.297  INFO 9021 --- [http-nio-9999-exec-3] bsa.BSAController                        : Mensaje Enviado (BOVEDA PLANA): {"volatile_data":{"flag_codigo_seguridad":"1","public_request_key":"12345678","flag_tokenizacion":"0"},"volatile_encrypted_data":"VgeLWTAwMDCTewjjYhDtsJsO/Qc/2dnuGdJu94092OJYzKV/s+sBMzPc5cLJYhn116h2M3hQuE0is0xvxw==","public_token":"4507999436584905","additional_data":{},"issue_date":"20170809","validation_data":{"flag_selector_clave":"1","public_request_key":"12345678"},"type":"sale"}
2017-08-09 10:00:59.319  INFO 9021 --- [http-nio-9999-exec-3] bsa.BSAController                        : Mensaje Recibido: {"msg":"db problem","error":"009000"}
2017-08-09 10:00:59.320  INFO 9021 --- [http-nio-9999-exec-3] bsa.BSAController                        : Boot response: CardDataPlainResponse [PAN=null, SECURITY_CODE=null, CARD_EXPIRATION=null, ERROR_TYPE=, VALIDATION_ERRORS=[null]]
2017-08-09 10:07:47.516  INFO 9021 --- [http-nio-9999-exec-5] bsa.BSAController                        : Mensaje Enviado (BOVEDA PLANA): {"volatile_data":{"flag_codigo_seguridad":"1","public_request_key":"12345678","flag_tokenizacion":"0"},"volatile_encrypted_data":"CgiLWQAAAAB9vNuTblO4Wdchq5IGvSMLSlKuEhoPpg3zDwqrL7mWJor6ibcm5P39wz/Q0UGqmHF2iaMQKw==","public_token":"4507991703314905","additional_data":{},"issue_date":"20170809","validation_data":{"flag_selector_clave":"1","public_request_key":"12345678"},"type":"sale"}
2017-08-09 10:07:47.569  INFO 9021 --- [http-nio-9999-exec-5] bsa.BSAController                        : Mensaje Recibido: {"volatile_decrypted_data":"{\"fecha_vencimiento\":\"1808\",\"codigo_seguridad\":\"775\"}","volatile_encrypted_data":"{\"fecha_vencimiento\":\"1808\",\"codigo_seguridad\":\"775\"}","additional_data":{},"data":"000000","footer":"4905","header":"450799"}
2017-08-09 10:07:47.570  INFO 9021 --- [http-nio-9999-exec-5] bsa.BSAController                        : Boot response: CardDataPlainResponse [PAN=4507990000004905, SECURITY_CODE=775, CARD_EXPIRATION=1808, ERROR_TYPE=null, VALIDATION_ERRORS=[]]
2017-08-09 10:09:37.982  INFO 9021 --- [http-nio-9999-exec-7] bsa.BSAController                        : Mensaje Enviado (BOVEDA PLANA): {"volatile_data":{"flag_codigo_seguridad":"1","public_request_key":"12345678","flag_tokenizacion":"0"},"volatile_encrypted_data":"UwmLWRAQEBAww2lOKZDdw3OxD2u1V86aVM6hr75z67txHnybk8H17Qfmww598kKW80F64bRE+RZ93enoRQ==","public_token":"4507990752014905","additional_data":{},"issue_date":"20170809","validation_data":{"flag_selector_clave":"1","public_request_key":"12345678"},"type":"sale"}
2017-08-09 10:09:38.039  INFO 9021 --- [http-nio-9999-exec-7] bsa.BSAController                        : Mensaje Recibido: {"volatile_decrypted_data":"{\"fecha_vencimiento\":\"1808\",\"codigo_seguridad\":\"775\"}","volatile_encrypted_data":"{\"fecha_vencimiento\":\"1808\",\"codigo_seguridad\":\"775\"}","additional_data":{},"data":"000000","footer":"4905","header":"450799"}
2017-08-09 10:09:38.039  INFO 9021 --- [http-nio-9999-exec-7] bsa.BSAController                        : Boot response: CardDataPlainResponse [PAN=4507990000004905, SECURITY_CODE=775, CARD_EXPIRATION=1808, ERROR_TYPE=null, VALIDATION_ERRORS=[]]
2017-08-09 10:15:18.810  INFO 9021 --- [http-nio-9999-exec-9] bsa.BSAController                        : Mensaje Enviado (BOVEDA PLANA): {"volatile_data":{"flag_codigo_seguridad":"1","public_request_key":"12345678","flag_tokenizacion":"0"},"volatile_encrypted_data":"owqLWT4+Pj4MLGWQ8FCxsnzr/kUenANAhGsqq7P2m5pxqrtL2rxQVE/evSXc8sgDHS99Qmlm0gRo395EEg==","public_token":"4507990575314905","additional_data":{},"issue_date":"20170809","validation_data":{"flag_selector_clave":"1","public_request_key":"12345678"},"type":"sale"}
2017-08-09 10:15:18.859  INFO 9021 --- [http-nio-9999-exec-9] bsa.BSAController                        : Mensaje Recibido: {"volatile_decrypted_data":"{\"fecha_vencimiento\":\"1808\",\"codigo_seguridad\":\"775\"}","volatile_encrypted_data":"{\"fecha_vencimiento\":\"1808\",\"codigo_seguridad\":\"775\"}","additional_data":{},"data":"000000","footer":"4905","header":"450799"}
2017-08-09 10:15:18.859  INFO 9021 --- [http-nio-9999-exec-9] bsa.BSAController                        : Boot response: CardDataPlainResponse [PAN=4507990000004905, SECURITY_CODE=775, CARD_EXPIRATION=1808, ERROR_TYPE=null, VALIDATION_ERRORS=[]]
2017-08-09 10:30:58.424  INFO 9021 --- [http-nio-9999-exec-1] bsa.BSAController                        : Mensaje Enviado (BOVEDA PLANA): {"volatile_data":{"flag_codigo_seguridad":"1","public_request_key":"12345678","flag_tokenizacion":"0"},"volatile_encrypted_data":"Ug6LWcDAwMBzovUBmMNCr6aFYVy/mim5hnxx8hzxgWPJCMKbSV5k6vIW2HczQQZ4lpmL/OrI3o/TOPAY1g==","public_token":"4507997588034905","additional_data":{},"issue_date":"20170809","validation_data":{"flag_selector_clave":"1","public_request_key":"12345678"},"type":"sale"}
2017-08-09 10:30:58.479  INFO 9021 --- [http-nio-9999-exec-1] bsa.BSAController                        : Mensaje Recibido: {"volatile_decrypted_data":"{\"fecha_vencimiento\":\"1808\",\"codigo_seguridad\":\"775\"}","volatile_encrypted_data":"{\"fecha_vencimiento\":\"1808\",\"codigo_seguridad\":\"775\"}","additional_data":{},"data":"000000","footer":"4905","header":"450799"}
2017-08-09 10:30:58.480  INFO 9021 --- [http-nio-9999-exec-1] bsa.BSAController                        : Boot response: CardDataPlainResponse [PAN=4507990000004905, SECURITY_CODE=775, CARD_EXPIRATION=1808, ERROR_TYPE=null, VALIDATION_ERRORS=[]]
2017-08-09 10:33:49.895  INFO 9021 --- [http-nio-9999-exec-3] bsa.BSAController                        : Mensaje Enviado (BOVEDA PLANA): {"volatile_data":{"flag_codigo_seguridad":"1","public_request_key":"12345678","flag_tokenizacion":"0"},"volatile_encrypted_data":"CQ+LWUNDQ0PrJxrXM/9w9VgwXeqQM2+g7EYboqkhxHSVauNgh7FDm6uB+Bwu22Jbs5Fsym/0Vm1aJQJXnQ==","public_token":"4507997144044905","additional_data":{},"issue_date":"20170809","validation_data":{"flag_selector_clave":"1","public_request_key":"12345678"},"type":"sale"}
2017-08-09 10:33:49.945  INFO 9021 --- [http-nio-9999-exec-3] bsa.BSAController                        : Mensaje Recibido: {"volatile_decrypted_data":"{\"fecha_vencimiento\":\"1808\",\"codigo_seguridad\":\"775\"}","volatile_encrypted_data":"{\"fecha_vencimiento\":\"1808\",\"codigo_seguridad\":\"775\"}","additional_data":{},"data":"000000","footer":"4905","header":"450799"}
2017-08-09 10:33:49.945  INFO 9021 --- [http-nio-9999-exec-3] bsa.BSAController                        : Boot response: CardDataPlainResponse [PAN=4507990000004905, SECURITY_CODE=775, CARD_EXPIRATION=1808, ERROR_TYPE=null, VALIDATION_ERRORS=[]]
2017-08-09 10:34:10.532  INFO 9021 --- [http-nio-9999-exec-4] bsa.BSAController                        : Mensaje Enviado (BOVEDA PLANA): {"volatile_data":{"flag_codigo_seguridad":"1","public_request_key":"12345678","flag_tokenizacion":"0"},"volatile_encrypted_data":"Gw+LWUlJSUm74nt9/5A7m3H09drByaAWb+m+eHk6CaiomVeIIK3NvdW44gtZuL3jJAxxHJiF6EVxpVPR8g==","public_token":"4507994621064905","additional_data":{},"issue_date":"20170809","validation_data":{"flag_selector_clave":"1","public_request_key":"12345678"},"type":"sale"}
2017-08-09 10:34:10.640  INFO 9021 --- [http-nio-9999-exec-4] bsa.BSAController                        : Mensaje Recibido: {"volatile_decrypted_data":"{\"fecha_vencimiento\":\"1808\",\"codigo_seguridad\":\"775\"}","volatile_encrypted_data":"{\"fecha_vencimiento\":\"1808\",\"codigo_seguridad\":\"775\"}","additional_data":{},"data":"000000","footer":"4905","header":"450799"}
2017-08-09 10:34:10.640  INFO 9021 --- [http-nio-9999-exec-4] bsa.BSAController                        : Boot response: CardDataPlainResponse [PAN=4507990000004905, SECURITY_CODE=775, CARD_EXPIRATION=1808, ERROR_TYPE=null, VALIDATION_ERRORS=[]]
2017-08-09 10:34:41.215  INFO 9021 --- [http-nio-9999-exec-5] bsa.BSAController                        : Mensaje Enviado (BOVEDA CIFRADA): {"volatile_data":{"flag_codigo_seguridad":"1","public_request_key":"12345678","flag_tokenizacion":"1"},"volatile_encrypted_data":"OA+LWTc3NzeWR151uJCBNA0qjVTD96eFZb/R8+5oynsXDxhAQbryhi0TmMTQG3f07p61nKCtxX1b6v3OzQ==","public_token":"4507993570814905","additional_data":{},"issue_date":"20170809","validation_data":{"flag_selector_clave":"1","public_request_key":"12345678"},"type":"sale"}
2017-08-09 10:34:41.412  INFO 9021 --- [http-nio-9999-exec-5] bsa.BSAController                        : Mensaje Recibido: {"volatile_decrypted_data":"{\"fecha_vencimiento\":\"1808\",\"codigo_seguridad\":\"775\"}","volatile_encrypted_data":"{\"fecha_vencimiento\":\"1808\",\"codigo_seguridad\":\"775\"}","additional_data":{},"aditional_crypt":"1BDB0137A9","private_token":"4507994558404905","counter":"5CC29","hexsum":"111110"}
2017-08-09 10:34:41.417  INFO 9021 --- [http-nio-9999-exec-5] bsa.BSAController                        : Boot response: CardDataEncryptedResponse [PRIVATE_TOKEN=4507994558404905, ADITIONALCRYPT=1BDB0137A9, HEXSUM=111110, COUNTER=5CC29, SECURITY_CODE=775, CARD_EXPIRATION=1808, ERROR_TYPE=null, VALIDATION_ERRORS=[]]
2017-08-09 10:41:06.776  INFO 9021 --- [http-nio-9999-exec-7] bsa.BSAController                        : Mensaje Enviado (BOVEDA CIFRADA): {"volatile_data":{"flag_codigo_seguridad":"1","public_request_key":"12345678","flag_tokenizacion":"1"},"volatile_encrypted_data":"vxCLWdTU1NSTon32u9Isu2yxukdwxI7bmBBupzfR9MqHo2HZyQEkL2ecA2LEwAS1FwRPYUHJQNQZaNsOJg==","public_token":"4507990355424905","additional_data":{},"issue_date":"20170809","validation_data":{"flag_selector_clave":"1","public_request_key":"12345678"},"type":"sale"}
2017-08-09 10:41:06.955  INFO 9021 --- [http-nio-9999-exec-7] bsa.BSAController                        : Mensaje Recibido: {"volatile_decrypted_data":"{\"fecha_vencimiento\":\"1808\",\"codigo_seguridad\":\"775\"}","volatile_encrypted_data":"{\"fecha_vencimiento\":\"1808\",\"codigo_seguridad\":\"775\"}","additional_data":{},"aditional_crypt":"F61793D08D","private_token":"4507993858594905","counter":"C491B","hexsum":"000000"}
2017-08-09 10:41:06.956  INFO 9021 --- [http-nio-9999-exec-7] bsa.BSAController                        : Boot response: CardDataEncryptedResponse [PRIVATE_TOKEN=4507993858594905, ADITIONALCRYPT=F61793D08D, HEXSUM=000000, COUNTER=C491B, SECURITY_CODE=775, CARD_EXPIRATION=1808, ERROR_TYPE=null, VALIDATION_ERRORS=[]]
2017-08-09 10:43:50.365  INFO 9021 --- [http-nio-9999-exec-9] bsa.BSAController                        : Mensaje Enviado (BOVEDA CIFRADA): {"volatile_data":{"flag_codigo_seguridad":"1","public_request_key":"12345678","flag_tokenizacion":"1"},"volatile_encrypted_data":"YxGLWdLS0tLOtDQiCDuoQ7QroBm+1BVFcTINrfmO9I6yYPknqQnVr5/99lVQn/9+GwhKgCHL9j8B74C9aA==","public_token":"4507991638534905","additional_data":{},"issue_date":"20170809","validation_data":{"flag_selector_clave":"1","public_request_key":"12345678"},"type":"sale"}
2017-08-09 10:43:50.546  INFO 9021 --- [http-nio-9999-exec-9] bsa.BSAController                        : Mensaje Recibido: {"volatile_decrypted_data":"{\"fecha_vencimiento\":\"1808\",\"codigo_seguridad\":\"775\"}","volatile_encrypted_data":"{\"fecha_vencimiento\":\"1808\",\"codigo_seguridad\":\"775\"}","additional_data":{},"aditional_crypt":"B632A6A28B","private_token":"4507998781764905","counter":"072CF","hexsum":"010011"}
2017-08-09 10:43:50.547  INFO 9021 --- [http-nio-9999-exec-9] bsa.BSAController                        : Boot response: CardDataEncryptedResponse [PRIVATE_TOKEN=4507998781764905, ADITIONALCRYPT=B632A6A28B, HEXSUM=010011, COUNTER=072CF, SECURITY_CODE=775, CARD_EXPIRATION=1808, ERROR_TYPE=null, VALIDATION_ERRORS=[]]
2017-08-09 10:44:53.851  INFO 9021 --- [http-nio-9999-exec-1] bsa.BSAController                        : Mensaje Enviado (BOVEDA CIFRADA): {"volatile_data":{"flag_codigo_seguridad":"1","public_request_key":"12345678","flag_tokenizacion":"1"},"volatile_encrypted_data":"oRGLWVBQUFBFbxc8Xc7Gd9de3qg+r/YTvaFQVS3IQYLKZhVsbNYCsC8d3fAsRjUYtHQK82VYCL/9aVzUKQ==","public_token":"4507996553504905","additional_data":{},"issue_date":"20170809","validation_data":{"flag_selector_clave":"1","public_request_key":"12345678"},"type":"sale"}
2017-08-09 10:44:54.001  INFO 9021 --- [http-nio-9999-exec-1] bsa.BSAController                        : Mensaje Recibido: {"volatile_decrypted_data":"{\"fecha_vencimiento\":\"1808\",\"codigo_seguridad\":\"775\"}","volatile_encrypted_data":"{\"fecha_vencimiento\":\"1808\",\"codigo_seguridad\":\"775\"}","additional_data":{},"aditional_crypt":"B715121AE1","private_token":"4507991298684905","counter":"64E8B","hexsum":"000100"}
2017-08-09 10:44:54.002  INFO 9021 --- [http-nio-9999-exec-1] bsa.BSAController                        : Boot response: CardDataEncryptedResponse [PRIVATE_TOKEN=4507991298684905, ADITIONALCRYPT=B715121AE1, HEXSUM=000100, COUNTER=64E8B, SECURITY_CODE=775, CARD_EXPIRATION=1808, ERROR_TYPE=null, VALIDATION_ERRORS=[]]
2017-08-09 10:49:02.316  INFO 9021 --- [http-nio-9999-exec-3] bsa.BSAController                        : Mensaje Enviado (BOVEDA CIFRADA): {"volatile_data":{"flag_codigo_seguridad":"1","public_request_key":"12345678","flag_tokenizacion":"1"},"volatile_encrypted_data":"khKLWampqan2d3VOE7TPTlxhw+yKHHbUqMEaTKN4GDfizGpBlLb5MSvrPxICrbe2dqyRkIeQQYGadcW/rA==","public_token":"4507996778644905","additional_data":{},"issue_date":"20170809","validation_data":{"flag_selector_clave":"1","public_request_key":"12345678"},"type":"sale"}
2017-08-09 10:49:02.489  INFO 9021 --- [http-nio-9999-exec-3] bsa.BSAController                        : Mensaje Recibido: {"volatile_decrypted_data":"{\"fecha_vencimiento\":\"1808\",\"codigo_seguridad\":\"775\"}","volatile_encrypted_data":"{\"fecha_vencimiento\":\"1808\",\"codigo_seguridad\":\"775\"}","additional_data":{},"aditional_crypt":"BC8BD1788B","private_token":"4507994973834905","counter":"99D81","hexsum":"110000"}
2017-08-09 10:49:02.490  INFO 9021 --- [http-nio-9999-exec-3] bsa.BSAController                        : Boot response: CardDataEncryptedResponse [PRIVATE_TOKEN=4507994973834905, ADITIONALCRYPT=BC8BD1788B, HEXSUM=110000, COUNTER=99D81, SECURITY_CODE=775, CARD_EXPIRATION=1808, ERROR_TYPE=null, VALIDATION_ERRORS=[]]
2017-08-09 10:51:57.313  INFO 9021 --- [http-nio-9999-exec-5] bsa.BSAController                        : Mensaje Enviado (BOVEDA CIFRADA): {"volatile_data":{"flag_codigo_seguridad":"1","public_request_key":"12345678","flag_tokenizacion":"1"},"volatile_encrypted_data":"ShOLWRwcHBzhoPpy6oCBqVX6GQduulgHgnbldgDFxhBqSNzCczVcZHzwshj2VSjKkLZDWTzYkqKFeFzwnw==","public_token":"4507995412134905","additional_data":{},"issue_date":"20170809","validation_data":{"flag_selector_clave":"1","public_request_key":"12345678"},"type":"sale"}
2017-08-09 10:51:57.462  INFO 9021 --- [http-nio-9999-exec-5] bsa.BSAController                        : Mensaje Recibido: {"volatile_decrypted_data":"{\"fecha_vencimiento\":\"1808\",\"codigo_seguridad\":\"775\"}","volatile_encrypted_data":"{\"fecha_vencimiento\":\"1808\",\"codigo_seguridad\":\"775\"}","additional_data":{},"aditional_crypt":"E96FDE8DDB","private_token":"4507994128414905","counter":"A457C","hexsum":"100110"}
2017-08-09 10:51:57.463  INFO 9021 --- [http-nio-9999-exec-5] bsa.BSAController                        : Boot response: CardDataEncryptedResponse [PRIVATE_TOKEN=4507994128414905, ADITIONALCRYPT=E96FDE8DDB, HEXSUM=100110, COUNTER=A457C, SECURITY_CODE=775, CARD_EXPIRATION=1808, ERROR_TYPE=null, VALIDATION_ERRORS=[]]
2017-08-09 10:52:43.630  INFO 9021 --- [http-nio-9999-exec-6] bsa.BSAController                        : Mensaje Enviado (BOVEDA CIFRADA): {"volatile_data":{"flag_codigo_seguridad":"1","public_request_key":"12345678","flag_tokenizacion":"1"},"volatile_encrypted_data":"eROLWQYGBgY9YjqmquH8eGLGjZT6YY6gunjxEb9d4/I97h4pFg73fdZ/z1DpjHbOJN2zMstRCiCLVAEAWQ==","public_token":"4507994817624905","additional_data":{},"issue_date":"20170809","validation_data":{"flag_selector_clave":"1","public_request_key":"12345678"},"type":"sale"}
2017-08-09 10:52:43.793  INFO 9021 --- [http-nio-9999-exec-6] bsa.BSAController                        : Mensaje Recibido: {"volatile_decrypted_data":"{\"fecha_vencimiento\":\"1808\",\"codigo_seguridad\":\"775\"}","volatile_encrypted_data":"{\"fecha_vencimiento\":\"1808\",\"codigo_seguridad\":\"775\"}","additional_data":{},"aditional_crypt":"410DA2A866","private_token":"4507999278674905","counter":"FE883","hexsum":"000111"}
2017-08-09 10:52:43.794  INFO 9021 --- [http-nio-9999-exec-6] bsa.BSAController                        : Boot response: CardDataEncryptedResponse [PRIVATE_TOKEN=4507999278674905, ADITIONALCRYPT=410DA2A866, HEXSUM=000111, COUNTER=FE883, SECURITY_CODE=775, CARD_EXPIRATION=1808, ERROR_TYPE=null, VALIDATION_ERRORS=[]]
2017-08-09 10:55:20.262  INFO 9021 --- [http-nio-9999-exec-8] bsa.BSAController                        : Mensaje Enviado (BOVEDA PLANA): {"volatile_data":{"flag_codigo_seguridad":"1","public_request_key":"12345678","flag_tokenizacion":"0"},"volatile_encrypted_data":"FRSLWY2NjY1GLoDT/YzPvgb7azYuE8mtAYoG2Fov9EZbh7XgYtvIpSEQXnX3Q5P8p2Vn1ZTn0FzKOvMrYg==","public_token":"4507999674424905","additional_data":{},"issue_date":"20170809","validation_data":{"flag_selector_clave":"1","public_request_key":"12345678"},"type":"sale"}
2017-08-09 10:55:20.302  INFO 9021 --- [http-nio-9999-exec-8] bsa.BSAController                        : Mensaje Recibido: {"volatile_decrypted_data":"{\"fecha_vencimiento\":\"1808\",\"codigo_seguridad\":\"775\"}","volatile_encrypted_data":"{\"fecha_vencimiento\":\"1808\",\"codigo_seguridad\":\"775\"}","additional_data":{},"data":"000000","footer":"4905","header":"450799"}
2017-08-09 10:55:20.303  INFO 9021 --- [http-nio-9999-exec-8] bsa.BSAController                        : Boot response: CardDataPlainResponse [PAN=4507990000004905, SECURITY_CODE=775, CARD_EXPIRATION=1808, ERROR_TYPE=null, VALIDATION_ERRORS=[]]
2017-08-09 10:55:42.695  INFO 9021 --- [http-nio-9999-exec-9] bsa.BSAController                        : Mensaje Enviado (BOVEDA CIFRADA): {"volatile_data":{"flag_codigo_seguridad":"1","public_request_key":"12345678","flag_tokenizacion":"1"},"volatile_encrypted_data":"LBSLWS4uLi6YR6Q84WaoUzXjsDbTP2nKfvP5yJ/Svm+yoX9jkPm+rxGuZpiabfzFQ0pjB/IiFMDqmTorDw==","public_token":"4507996557694905","additional_data":{},"issue_date":"20170809","validation_data":{"flag_selector_clave":"1","public_request_key":"12345678"},"type":"sale"}
2017-08-09 10:55:42.840  INFO 9021 --- [http-nio-9999-exec-9] bsa.BSAController                        : Mensaje Recibido: {"volatile_decrypted_data":"{\"fecha_vencimiento\":\"1808\",\"codigo_seguridad\":\"775\"}","volatile_encrypted_data":"{\"fecha_vencimiento\":\"1808\",\"codigo_seguridad\":\"775\"}","additional_data":{},"aditional_crypt":"4D2AE375F2","private_token":"4507998751214905","counter":"0F9E4","hexsum":"001000"}
2017-08-09 10:55:42.841  INFO 9021 --- [http-nio-9999-exec-9] bsa.BSAController                        : Boot response: CardDataEncryptedResponse [PRIVATE_TOKEN=4507998751214905, ADITIONALCRYPT=4D2AE375F2, HEXSUM=001000, COUNTER=0F9E4, SECURITY_CODE=775, CARD_EXPIRATION=1808, ERROR_TYPE=null, VALIDATION_ERRORS=[]]
2017-08-09 11:00:02.737  INFO 9021 --- [Thread-8] ationConfigEmbeddedWebApplicationContext : Closing org.springframework.boot.context.embedded.AnnotationConfigEmbeddedWebApplicationContext@58134517: startup date [Wed Aug 09 09:55:28 ART 2017]; root of context hierarchy
2017-08-09 11:00:02.793  INFO 9021 --- [Thread-8] o.s.j.e.a.AnnotationMBeanExporter        : Unregistering JMX-exposed beans on shutdown
